2026-04-30 11:50:51,826 [INFO] Activator:176 - 


2026-04-30 11:50:51,826 [INFO] Activator:177 - !SESSION log4j initialized
2026-04-30 11:50:53,933 [INFO] LogOutputStream:77 - [STDOUT_REDIRECT] 
2026-04-30 11:50:55,350 [INFO] ApplicationProperties:184 - Using Application install path: C:\ST\STM32CubeIDE_1.18.1\STM32CubeIDE\plugins\com.st.stm32cube.common.mx_6.14.1.202504091515
2026-04-30 11:50:55,369 [INFO] DbMcusXml:78 - Set database path to: C:\ST\STM32CubeIDE_1.18.1\STM32CubeIDE\plugins\com.st.stm32cube.common.mx_6.14.1.202504091515\\db\/mcu/
2026-04-30 11:50:55,369 [INFO] ApiDb:274 - Set plugin database path to: C:\ST\STM32CubeIDE_1.18.1\STM32CubeIDE\plugins\com.st.stm32cube.common.mx_6.14.1.202504091515\\db\/plugins/boardmanager/
2026-04-30 11:50:55,370 [WARN] ApiDb:259 - Overriding images path with different value:  => C:\ST\STM32CubeIDE_1.18.1\STM32CubeIDE\plugins\com.st.stm32cube.common.mx_6.14.1.202504091515\\db\/plugins/mcufinder/images/
2026-04-30 11:50:55,385 [INFO] ApiDb:250 - Set database path to: C:\Users\49157\.stmcufinder\plugins\mcufinder//mcu/
2026-04-30 11:50:55,386 [INFO] DbMcusAds:125 - Set database path to: C:\Users\49157\.stmcufinder\plugins\mcufinder//mcu/
2026-04-30 11:50:55,389 [INFO] CrossReferenceDbSqlite:203 - Set database path to: C:\Users\49157\.stmcufinder\plugins\mcufinder//mcu/cs/
2026-04-30 11:50:55,496 [INFO] RulesReader:64 - Compatibility file has been processed (302 Rules)
2026-04-30 11:50:55,580 [INFO] DbMcusXml:78 - Set database path to: C:\ST\STM32CubeIDE_1.18.1\STM32CubeIDE\plugins\com.st.stm32cube.common.mx_6.14.1.202504091515\\db\/mcu/
2026-04-30 11:50:55,580 [INFO] ApiDb:274 - Set plugin database path to: C:\ST\STM32CubeIDE_1.18.1\STM32CubeIDE\plugins\com.st.stm32cube.common.mx_6.14.1.202504091515\\db\/plugins/boardmanager/
2026-04-30 11:50:55,581 [INFO] ApiDb:261 - Set plugin images path to: C:\ST\STM32CubeIDE_1.18.1\STM32CubeIDE\plugins\com.st.stm32cube.common.mx_6.14.1.202504091515\\db\/plugins/mcufinder/images/
2026-04-30 11:50:55,581 [WARN] DbFile:41 - Overriding database path with different value: C:\Users\49157\.stmcufinder\plugins\mcufinder/ => C:\Users\49157\.stmcufinder\plugins\mcufinder
2026-04-30 11:50:55,581 [INFO] ApiDb:250 - Set database path to: C:\Users\49157\.stmcufinder\plugins\mcufinder//mcu/
2026-04-30 11:50:55,581 [WARN] DbFile:41 - Overriding database path with different value: C:\Users\49157\.stmcufinder\plugins\mcufinder/ => C:\Users\49157\.stmcufinder\plugins\mcufinder
2026-04-30 11:50:55,581 [INFO] DbMcusAds:125 - Set database path to: C:\Users\49157\.stmcufinder\plugins\mcufinder//mcu/
2026-04-30 11:50:55,581 [WARN] DbFile:41 - Overriding database path with different value: C:\Users\49157\.stmcufinder\plugins\mcufinder/ => C:\Users\49157\.stmcufinder\plugins\mcufinder
2026-04-30 11:50:55,581 [WARN] DbFile:41 - Overriding database path with different value: C:\Users\49157\.stmcufinder\plugins\mcufinder/ => C:\Users\49157\.stmcufinder\plugins\mcufinder
2026-04-30 11:50:55,581 [INFO] CrossReferenceDbSqlite:203 - Set database path to: C:\Users\49157\.stmcufinder\plugins\mcufinder//mcu/cs/
2026-04-30 11:50:55,665 [INFO] MainPanel:272 - HeapMemory: 268435456
2026-04-30 11:50:55,771 [INFO] DbMcusXml:78 - Set database path to: C:\ST\STM32CubeIDE_1.18.1\STM32CubeIDE\plugins\com.st.stm32cube.common.mx_6.14.1.202504091515\\db\/mcu/
2026-04-30 11:50:55,771 [INFO] ApiDb:274 - Set plugin database path to: C:\ST\STM32CubeIDE_1.18.1\STM32CubeIDE\plugins\com.st.stm32cube.common.mx_6.14.1.202504091515\\db\/plugins/boardmanager/
2026-04-30 11:50:55,771 [INFO] ApiDb:261 - Set plugin images path to: C:\ST\STM32CubeIDE_1.18.1\STM32CubeIDE\plugins\com.st.stm32cube.common.mx_6.14.1.202504091515\\db\/plugins/mcufinder/images/
2026-04-30 11:50:55,771 [WARN] DbFile:41 - Overriding database path with different value: C:\Users\49157\.stmcufinder\plugins\mcufinder/ => C:\Users\49157\.stmcufinder\plugins\mcufinder
2026-04-30 11:50:55,771 [INFO] ApiDb:250 - Set database path to: C:\Users\49157\.stmcufinder\plugins\mcufinder//mcu/
2026-04-30 11:50:55,771 [WARN] DbFile:41 - Overriding database path with different value: C:\Users\49157\.stmcufinder\plugins\mcufinder/ => C:\Users\49157\.stmcufinder\plugins\mcufinder
2026-04-30 11:50:55,771 [INFO] DbMcusAds:125 - Set database path to: C:\Users\49157\.stmcufinder\plugins\mcufinder//mcu/
2026-04-30 11:50:55,771 [WARN] DbFile:41 - Overriding database path with different value: C:\Users\49157\.stmcufinder\plugins\mcufinder/ => C:\Users\49157\.stmcufinder\plugins\mcufinder
2026-04-30 11:50:55,771 [WARN] DbFile:41 - Overriding database path with different value: C:\Users\49157\.stmcufinder\plugins\mcufinder/ => C:\Users\49157\.stmcufinder\plugins\mcufinder
2026-04-30 11:50:55,771 [INFO] CrossReferenceDbSqlite:203 - Set database path to: C:\Users\49157\.stmcufinder\plugins\mcufinder//mcu/cs/
2026-04-30 11:50:55,790 [INFO] ApplicationProperties:184 - Using Application install path: C:\ST\STM32CubeIDE_1.18.1\STM32CubeIDE\plugins\com.st.stm32cube.common.mx_6.14.1.202504091515
2026-04-30 11:50:55,791 [INFO] PluginManage:196 - Search for loadable plugins [exclusion list=, ]
2026-04-30 11:50:55,792 [INFO] PluginManage:310 - Check plugin analytics
2026-04-30 11:50:55,984 [INFO] AnalyticsPlugin:253 - Accepted Software Licenses: 
2026-04-30 11:50:55,984 [INFO] AnalyticsPlugin:255 - Accepted CMSIS Pack Licenses: 
2026-04-30 11:50:55,984 [INFO] AnalyticsPlugin:257 - Accepted Firmware Licenses: FW.F4.1.28.0
2026-04-30 11:50:55,987 [INFO] PluginManage:359 - Loaded plugin analytics (category:tool,tabindex:-1)
2026-04-30 11:50:55,987 [INFO] PluginManage:310 - Check plugin cadmodel
2026-04-30 11:50:55,996 [INFO] CADModel:105 - Init CAD model plugin
2026-04-30 11:50:55,997 [INFO] PluginManage:359 - Loaded plugin cadmodel (category:power,tabindex:5)
2026-04-30 11:50:55,997 [INFO] PluginManage:310 - Check plugin clock
2026-04-30 11:50:56,008 [INFO] PluginManage:359 - Loaded plugin clock (category:base,tabindex:2)
2026-04-30 11:50:56,008 [INFO] PluginManage:310 - Check plugin ddr
2026-04-30 11:50:56,011 [INFO] PluginManage:359 - Loaded plugin ddr (category:tool,tabindex:6)
2026-04-30 11:50:56,011 [INFO] PluginManage:310 - Check plugin filemanager
2026-04-30 11:50:56,201 [INFO] PluginManage:359 - Loaded plugin filemanager (category:base,tabindex:10)
2026-04-30 11:50:56,202 [INFO] PluginManage:310 - Check plugin ipmanager
2026-04-30 11:50:56,210 [INFO] PluginManage:359 - Loaded plugin ipmanager (category:base,tabindex:5)
2026-04-30 11:50:56,210 [INFO] PluginManage:310 - Check plugin lpbam
2026-04-30 11:50:56,220 [INFO] PluginManage:359 - Loaded plugin lpbam (category:base,tabindex:0)
2026-04-30 11:50:56,220 [INFO] PluginManage:310 - Check plugin memorymap
2026-04-30 11:50:56,233 [INFO] PluginManage:359 - Loaded plugin memorymap (category:base,tabindex:4)
2026-04-30 11:50:56,233 [INFO] PluginManage:310 - Check plugin pinoutandconfiguration
2026-04-30 11:50:56,241 [INFO] PluginManage:359 - Loaded plugin pinoutandconfiguration (category:base,tabindex:1)
2026-04-30 11:50:56,241 [INFO] PluginManage:310 - Check plugin pinoutconfig
2026-04-30 11:50:56,342 [WARN] SupportedApi:132 - Cannot load RTOS API schema: s4s-elt-must-match.1: The content of 'definitions' must match (annotation?, (simpleType | complexType)?, (unique | key | keyref)*)). A problem was found starting at: attribute.
2026-04-30 11:50:56,489 [INFO] PluginManage:359 - Loaded plugin pinoutconfig (category:base,tabindex:0)
2026-04-30 11:50:56,489 [INFO] PluginManage:310 - Check plugin power
2026-04-30 11:50:56,500 [INFO] PluginManage:359 - Loaded plugin power (category:power,tabindex:4)
2026-04-30 11:50:56,500 [INFO] PluginManage:310 - Check plugin projectmanager
2026-04-30 11:50:56,513 [INFO] PluginManage:359 - Loaded plugin projectmanager (category:projectmanager,tabindex:4)
2026-04-30 11:50:56,513 [INFO] PluginManage:310 - Check plugin rif
2026-04-30 11:50:56,521 [INFO] PluginManage:359 - Loaded plugin rif (category:base,tabindex:3)
2026-04-30 11:50:56,522 [INFO] PluginManage:310 - Check plugin thirdparty
2026-04-30 11:50:56,644 [INFO] PluginManage:359 - Loaded plugin thirdparty (category:base,tabindex:-1)
2026-04-30 11:50:56,643 [WARN] IntegrityCheckThread:84 - waiting for thirdparty lock release [integrity check]
2026-04-30 11:50:56,644 [INFO] IntegrityCheckThread:86 - entering critical section [integrity check]
2026-04-30 11:50:56,644 [INFO] PluginManage:310 - Check plugin tools
2026-04-30 11:50:56,644 [INFO] ThirdPartyUpdaterWithRetryManager:70 - Updater plugin not ready yet. [1/15]
2026-04-30 11:50:56,647 [INFO] PluginManage:359 - Loaded plugin tools (category:base,tabindex:7)
2026-04-30 11:50:56,647 [INFO] PluginManage:310 - Check plugin tutovideos
2026-04-30 11:50:56,781 [INFO] PluginManage:359 - Loaded plugin tutovideos (category:base,tabindex:-1)
2026-04-30 11:50:56,781 [INFO] PluginManage:310 - Check plugin updater
2026-04-30 11:50:56,800 [INFO] PluginManage:359 - Loaded plugin updater (category:base,tabindex:12)
2026-04-30 11:50:56,800 [INFO] PluginManage:310 - Check plugin userauth
2026-04-30 11:50:56,804 [INFO] UserAuth:118 - Init User Auth plugin
2026-04-30 11:50:56,805 [INFO] PluginManage:359 - Loaded plugin userauth (category:base,tabindex:14)
2026-04-30 11:50:56,805 [INFO] PluginManage:283 - PluginManage : Loaded plugins [18]
2026-04-30 11:50:56,997 [INFO] PinOutPanel:1589 - setPackage(No Configuration,No Configuration)
2026-04-30 11:50:57,087 [INFO] CADModel:165 - CPN selected for project level
2026-04-30 11:50:57,087 [INFO] CADModel:114 - Register for checkConnection events
2026-04-30 11:50:57,103 [INFO] IPUIPlugin:80 - create IPUIPlugin
2026-04-30 11:50:57,103 [INFO] PluginManager:220 - loadIPPluginJar : add adc
2026-04-30 11:50:57,105 [INFO] IPUIPlugin:80 - create IPUIPlugin
2026-04-30 11:50:57,105 [INFO] PluginManager:220 - loadIPPluginJar : add aes
2026-04-30 11:50:57,108 [INFO] IPUIPlugin:80 - create IPUIPlugin
2026-04-30 11:50:57,108 [INFO] PluginManager:220 - loadIPPluginJar : add can
2026-04-30 11:50:57,109 [INFO] IPUIPlugin:80 - create IPUIPlugin
2026-04-30 11:50:57,109 [INFO] PluginManager:220 - loadIPPluginJar : add comp
2026-04-30 11:50:57,111 [INFO] IPUIPlugin:80 - create IPUIPlugin
2026-04-30 11:50:57,111 [INFO] PluginManager:220 - loadIPPluginJar : add cryp
2026-04-30 11:50:57,114 [INFO] IPUIPlugin:80 - create IPUIPlugin
2026-04-30 11:50:57,114 [INFO] PluginManager:220 - loadIPPluginJar : add ddr_ctrl_phy
2026-04-30 11:50:57,116 [INFO] IPUIPlugin:80 - create IPUIPlugin
2026-04-30 11:50:57,116 [INFO] PluginManager:220 - loadIPPluginJar : add dfsdm
2026-04-30 11:50:57,121 [INFO] IPUIPlugin:80 - create IPUIPlugin
2026-04-30 11:50:57,121 [INFO] PluginManager:220 - loadIPPluginJar : add dma
2026-04-30 11:50:57,123 [INFO] IPUIPlugin:80 - create IPUIPlugin
2026-04-30 11:50:57,123 [INFO] PluginManager:220 - loadIPPluginJar : add dma3
2026-04-30 11:50:57,125 [INFO] IPUIPlugin:80 - create IPUIPlugin
2026-04-30 11:50:57,125 [INFO] PluginManager:220 - loadIPPluginJar : add extmemmanager
2026-04-30 11:50:57,127 [INFO] IPUIPlugin:80 - create IPUIPlugin
2026-04-30 11:50:57,127 [INFO] PluginManager:220 - loadIPPluginJar : add fatfs
2026-04-30 11:50:57,130 [INFO] IPUIPlugin:80 - create IPUIPlugin
2026-04-30 11:50:57,130 [INFO] PluginManager:220 - loadIPPluginJar : add fmc
2026-04-30 11:50:57,136 [INFO] IPUIPlugin:80 - create IPUIPlugin
2026-04-30 11:50:57,136 [INFO] PluginManager:220 - loadIPPluginJar : add freertos
2026-04-30 11:50:57,137 [INFO] IPUIPlugin:80 - create IPUIPlugin
2026-04-30 11:50:57,137 [INFO] PluginManager:220 - loadIPPluginJar : add genericplugin
2026-04-30 11:50:57,140 [INFO] IPUIPlugin:80 - create IPUIPlugin
2026-04-30 11:50:57,140 [INFO] PluginManager:220 - loadIPPluginJar : add gfxmmu
2026-04-30 11:50:57,143 [INFO] IPUIPlugin:80 - create IPUIPlugin
2026-04-30 11:50:57,143 [INFO] PluginManager:220 - loadIPPluginJar : add gic
2026-04-30 11:50:57,147 [INFO] IPUIPlugin:80 - create IPUIPlugin
2026-04-30 11:50:57,147 [INFO] PluginManager:220 - loadIPPluginJar : add gpio
2026-04-30 11:50:57,149 [INFO] IPUIPlugin:80 - create IPUIPlugin
2026-04-30 11:50:57,150 [INFO] PluginManager:220 - loadIPPluginJar : add gtzc
2026-04-30 11:50:57,152 [INFO] IPUIPlugin:80 - create IPUIPlugin
2026-04-30 11:50:57,152 [INFO] PluginManager:220 - loadIPPluginJar : add hash
2026-04-30 11:50:57,154 [INFO] IPUIPlugin:80 - create IPUIPlugin
2026-04-30 11:50:57,155 [INFO] PluginManager:220 - loadIPPluginJar : add i2c
2026-04-30 11:50:57,157 [INFO] IPUIPlugin:80 - create IPUIPlugin
2026-04-30 11:50:57,157 [INFO] PluginManager:220 - loadIPPluginJar : add i2s
2026-04-30 11:50:57,159 [INFO] IPUIPlugin:80 - create IPUIPlugin
2026-04-30 11:50:57,159 [INFO] PluginManager:220 - loadIPPluginJar : add i3c
2026-04-30 11:50:57,162 [INFO] IPUIPlugin:80 - create IPUIPlugin
2026-04-30 11:50:57,162 [INFO] PluginManager:220 - loadIPPluginJar : add ipddr
2026-04-30 11:50:57,167 [INFO] IPUIPlugin:80 - create IPUIPlugin
2026-04-30 11:50:57,168 [INFO] PluginManager:220 - loadIPPluginJar : add linkedlist
2026-04-30 11:50:57,170 [INFO] IPUIPlugin:80 - create IPUIPlugin
2026-04-30 11:50:57,171 [INFO] PluginManager:220 - loadIPPluginJar : add lorawan
2026-04-30 11:50:57,172 [INFO] IPUIPlugin:80 - create IPUIPlugin
2026-04-30 11:50:57,172 [INFO] PluginManager:220 - loadIPPluginJar : add ltdc
2026-04-30 11:50:57,176 [INFO] IPUIPlugin:80 - create IPUIPlugin
2026-04-30 11:50:57,177 [INFO] PluginManager:220 - loadIPPluginJar : add mdma
2026-04-30 11:50:57,182 [INFO] IPUIPlugin:80 - create IPUIPlugin
2026-04-30 11:50:57,182 [INFO] PluginManager:220 - loadIPPluginJar : add nvic
2026-04-30 11:50:57,185 [INFO] IPUIPlugin:80 - create IPUIPlugin
2026-04-30 11:50:57,185 [INFO] PluginManager:220 - loadIPPluginJar : add opamp
2026-04-30 11:50:57,188 [INFO] IPUIPlugin:80 - create IPUIPlugin
2026-04-30 11:50:57,189 [INFO] PluginManager:220 - loadIPPluginJar : add openamp
2026-04-30 11:50:57,191 [INFO] IPUIPlugin:80 - create IPUIPlugin
2026-04-30 11:50:57,191 [INFO] PluginManager:220 - loadIPPluginJar : add pdm2pcm
2026-04-30 11:50:57,196 [INFO] IPUIPlugin:80 - create IPUIPlugin
2026-04-30 11:50:57,198 [INFO] PluginManager:220 - loadIPPluginJar : add plateformsettings
2026-04-30 11:50:57,200 [INFO] IPUIPlugin:80 - create IPUIPlugin
2026-04-30 11:50:57,200 [INFO] PluginManager:220 - loadIPPluginJar : add quadspi
2026-04-30 11:50:57,203 [INFO] IPUIPlugin:80 - create IPUIPlugin
2026-04-30 11:50:57,203 [INFO] PluginManager:220 - loadIPPluginJar : add radio
2026-04-30 11:50:57,209 [INFO] IPUIPlugin:80 - create IPUIPlugin
2026-04-30 11:50:57,209 [INFO] PluginManager:220 - loadIPPluginJar : add resmgrutility
2026-04-30 11:50:57,212 [INFO] IPUIPlugin:80 - create IPUIPlugin
2026-04-30 11:50:57,212 [INFO] PluginManager:220 - loadIPPluginJar : add sai
2026-04-30 11:50:57,214 [INFO] IPUIPlugin:80 - create IPUIPlugin
2026-04-30 11:50:57,214 [INFO] PluginManager:220 - loadIPPluginJar : add spi
2026-04-30 11:50:57,219 [INFO] IPUIPlugin:80 - create IPUIPlugin
2026-04-30 11:50:57,219 [INFO] PluginManager:220 - loadIPPluginJar : add stm32_wpan
2026-04-30 11:50:57,221 [INFO] IPUIPlugin:80 - create IPUIPlugin
2026-04-30 11:50:57,221 [INFO] PluginManager:220 - loadIPPluginJar : add tim
2026-04-30 11:50:57,224 [INFO] IPUIPlugin:80 - create IPUIPlugin
2026-04-30 11:50:57,224 [INFO] PluginManager:220 - loadIPPluginJar : add touchsensing
2026-04-30 11:50:57,226 [INFO] IPUIPlugin:80 - create IPUIPlugin
2026-04-30 11:50:57,226 [INFO] PluginManager:220 - loadIPPluginJar : add tracer_emb
2026-04-30 11:50:57,228 [INFO] IPUIPlugin:80 - create IPUIPlugin
2026-04-30 11:50:57,228 [INFO] PluginManager:220 - loadIPPluginJar : add ts
2026-04-30 11:50:57,230 [INFO] IPUIPlugin:80 - create IPUIPlugin
2026-04-30 11:50:57,230 [INFO] PluginManager:220 - loadIPPluginJar : add tsc
2026-04-30 11:50:57,232 [INFO] IPUIPlugin:80 - create IPUIPlugin
2026-04-30 11:50:57,232 [INFO] PluginManager:220 - loadIPPluginJar : add ucpd
2026-04-30 11:50:57,234 [INFO] IPUIPlugin:80 - create IPUIPlugin
2026-04-30 11:50:57,235 [INFO] PluginManager:220 - loadIPPluginJar : add usart
2026-04-30 11:50:57,237 [INFO] IPUIPlugin:80 - create IPUIPlugin
2026-04-30 11:50:57,237 [INFO] PluginManager:220 - loadIPPluginJar : add usbx
2026-04-30 11:50:57,351 [FATAL] Updater:351 - Updater called before beeing initialized
2026-04-30 11:50:57,389 [INFO] RulesReader:64 - Compatibility file has been processed (302 Rules)
2026-04-30 11:50:57,400 [INFO] RulesReader:64 - Compatibility file has been processed (302 Rules)
2026-04-30 11:50:57,408 [INFO] CADModel:165 - CPN selected for project level
2026-04-30 11:50:57,409 [INFO] CADModel:114 - Register for checkConnection events
2026-04-30 11:50:57,409 [FATAL] Updater:351 - Updater called before beeing initialized
2026-04-30 11:50:57,409 [ERROR] CADModel:125 - Updater not yet initialized, retry later 
2026-04-30 11:50:57,530 [FATAL] Updater:351 - Updater called before beeing initialized
2026-04-30 11:50:57,532 [INFO] CADModel:165 - CPN selected for project level
2026-04-30 11:50:57,532 [INFO] CADModel:114 - Register for checkConnection events
2026-04-30 11:50:57,533 [FATAL] Updater:351 - Updater called before beeing initialized
2026-04-30 11:50:57,533 [ERROR] CADModel:125 - Updater not yet initialized, retry later 
2026-04-30 11:50:57,536 [FATAL] Updater:351 - Updater called before beeing initialized
2026-04-30 11:50:57,615 [FATAL] Updater:351 - Updater called before beeing initialized
2026-04-30 11:50:57,618 [INFO] DbMcusAds:53 - JSON generation date=Fri Apr 10 11:19:02 CEST 2026 (1775812742310)
2026-04-30 11:50:57,619 [FATAL] Updater:351 - Updater called before beeing initialized
2026-04-30 11:50:57,653 [WARN] DetailPanel:346 - Failed to get advertising image, set to default
2026-04-30 11:50:57,861 [FATAL] Updater:351 - Updater called before beeing initialized
2026-04-30 11:50:57,864 [FATAL] Updater:351 - Updater called before beeing initialized
2026-04-30 11:50:57,865 [FATAL] Updater:351 - Updater called before beeing initialized
2026-04-30 11:50:57,865 [WARN] DetailPanel:346 - Failed to get advertising image, set to default
2026-04-30 11:50:57,866 [FATAL] Updater:351 - Updater called before beeing initialized
2026-04-30 11:50:57,909 [ERROR] Updater:1198 - MainUpdater not yet initialized. External WinMGr cannot be set.
2026-04-30 11:50:57,910 [INFO] Updater:1134 - Updater Version found : 6.14.1
2026-04-30 11:50:57,926 [INFO] ApplicationProperties:184 - Using Application install path: C:\ST\STM32CubeIDE_1.18.1\STM32CubeIDE\plugins\com.st.stm32cube.common.mx_6.14.1.202504091515
2026-04-30 11:50:59,498 [ERROR] LogOutputStream:75 - [STDERR_REDIRECT] Apr 30, 2026 11:50:59 AM java.util.prefs.WindowsPreferences <init>
2026-04-30 11:50:59,499 [ERROR] LogOutputStream:75 - [STDERR_REDIRECT] WARNING: Could not open/create prefs root node Software\JavaSoft\Prefs at root 0xffffffff80000002. Windows RegCreateKeyEx(...) returned error code 5.
2026-04-30 11:50:59,499 [ERROR] LogOutputStream:75 - [STDERR_REDIRECT] 
2026-04-30 11:50:59,645 [INFO] ThirdPartyUpdaterWithRetryManager:70 - Updater plugin not ready yet. [2/15]
2026-04-30 11:50:59,794 [INFO] MainUpdater:2872 - connection check result : 10
2026-04-30 11:50:59,795 [INFO] MainUpdater:289 - Updater Check For Update Now.
2026-04-30 11:50:59,795 [INFO] MicroXplorer:498 - Change Database Version : DB.6.0.141
2026-04-30 11:50:59,800 [INFO] McuFinderGlobals:63 - Set McuFinder mode to 2 (CubeIDE integrated)
2026-04-30 11:50:59,803 [INFO] UserAuth:484 - Internet connection configuration mode: 1
2026-04-30 11:50:59,832 [INFO] JxBrowserEngine:152 - Initiate JxBrowser Engine with user profile folder
2026-04-30 11:50:59,984 [INFO] CheckServerUpdateThread:120 - End of CheckServer Thread
2026-04-30 11:51:01,002 [INFO] WebApp:169 - Instantiating new browser for Auth
2026-04-30 11:51:01,727 [INFO] WebApp:463 - Apply proxy settings
2026-04-30 11:51:01,728 [INFO] WebApp:548 - Chromium requires no authentication
2026-04-30 11:51:01,740 [INFO] WebApp:491 - Direct internet connection detected
2026-04-30 11:51:01,767 [INFO] WebApp:894 - Register for checkConnection events
2026-04-30 11:51:01,767 [INFO] WebApp:463 - Apply proxy settings
2026-04-30 11:51:01,768 [INFO] WebApp:548 - Chromium requires no authentication
2026-04-30 11:51:01,768 [INFO] WebApp:491 - Direct internet connection detected
2026-04-30 11:51:01,926 [INFO] WebApp:225 - Starting web application
2026-04-30 11:51:01,927 [INFO] WebApp:593 - Web application path used C:\ST\STM32CubeIDE_1.18.1\STM32CubeIDE\plugins\com.st.stm32cube.common.mx_6.14.1.202504091515\db\plugins\mcufinder\reactClient1\index.html
2026-04-30 11:51:02,105 [INFO] WebApp:191 - Connection restablished
2026-04-30 11:51:02,123 [INFO] UserAuth:484 - Internet connection configuration mode: 1
2026-04-30 11:51:03,177 [WARN] PackLoader:240 - Cannot read IP mode file for STMicroelectronics.X-CUBE-AZRTOS-H7.3.5.0
2026-04-30 11:51:03,198 [WARN] PackLoader:240 - Cannot read IP mode file for STMicroelectronics.FP-SNS-MOTENVWB1.1.4.0
2026-04-30 11:51:03,215 [WARN] PackLoader:240 - Cannot read IP mode file for STMicroelectronics.FP-ATR-ASTRA1.2.0.2
2026-04-30 11:51:03,229 [WARN] PackLoader:240 - Cannot read IP mode file for STMicroelectronics.X-CUBE-SMBUS.2.1.0
2026-04-30 11:51:03,255 [WARN] PackLoader:240 - Cannot read IP mode file for STMicroelectronics.X-CUBE-WB05N.1.1.0
2026-04-30 11:51:03,268 [WARN] PackLoader:240 - Cannot read IP mode file for STMicroelectronics.X-CUBE-ST60.1.0.0
2026-04-30 11:51:03,299 [WARN] PackLoader:240 - Cannot read IP mode file for STMicroelectronics.X-CUBE-AZRTOS-F7.1.1.0
2026-04-30 11:51:03,310 [ERROR] Engine:466 - C:\Users\49157\.stm32cubemx\thirdparties\pdsc\STMicroelectronics.FP-SNS-MOTENV1.5.1.0.pdsc: PDSC version is not supported
2026-04-30 11:51:03,340 [WARN] PackLoader:240 - Cannot read IP mode file for Infineon.AIROC-Wi-Fi-Bluetooth-STM32.1.7.0
2026-04-30 11:51:03,374 [WARN] PackLoader:240 - Cannot read IP mode file for STMicroelectronics.X-CUBE-AZRTOS-H7.3.4.0
2026-04-30 11:51:03,393 [WARN] PackLoader:240 - Cannot read IP mode file for STMicroelectronics.X-CUBE-DISPLAY.3.0.0
2026-04-30 11:51:03,409 [WARN] PackLoader:240 - Cannot read IP mode file for STMicroelectronics.X-CUBE-GNSS1.7.1.1
2026-04-30 11:51:03,418 [ERROR] Engine:466 - C:\Users\49157\.stm32cubemx\thirdparties\pdsc\STMicroelectronics.FP-SNS-MOTENVWB1.1.5.0.pdsc: PDSC version is not supported
2026-04-30 11:51:03,427 [WARN] PackLoader:240 - Cannot read IP mode file for STMicroelectronics.X-CUBE-NFC10.1.0.0
2026-04-30 11:51:03,444 [WARN] PackLoader:240 - Cannot read IP mode file for STMicroelectronics.X-CUBE-BLEMGR.4.0.0
2026-04-30 11:51:03,468 [WARN] PackLoader:240 - Cannot read IP mode file for STMicroelectronics.X-CUBE-ST60.1.1.0
2026-04-30 11:51:03,484 [WARN] PackLoader:240 - Cannot read IP mode file for emotas.I-CUBE-CANOPEN.1.3.0
2026-04-30 11:51:03,492 [WARN] PackLoader:240 - Cannot read IP mode file for STMicroelectronics.X-CUBE-GNSS1.7.1.0
2026-04-30 11:51:03,503 [WARN] ConditionMgr:438 - getConditionDescription Invalid condition id : Cortex-A Device cause : null
2026-04-30 11:51:03,525 [WARN] ConditionMgr:1044 - genDependencies : Invalid condition id : Cortex-A Device cause : null
2026-04-30 11:51:03,526 [WARN] ConditionMgr:1044 - genDependencies : Invalid condition id : Cortex-A Device cause : null
2026-04-30 11:51:03,526 [WARN] ConditionMgr:1044 - genDependencies : Invalid condition id : Cortex-A Device cause : null
2026-04-30 11:51:03,534 [WARN] PackLoader:240 - Cannot read IP mode file for STMicroelectronics.X-CUBE-AI.10.0.0
2026-04-30 11:51:03,542 [ERROR] Engine:466 - C:\Users\49157\.stm32cubemx\thirdparties\pdsc\STMicroelectronics.FP-SNS-STBOX1.2.1.0.pdsc: PDSC version is not supported
2026-04-30 11:51:03,553 [WARN] PackLoader:240 - Cannot read IP mode file for STMicroelectronics.FP-SNS-SMARTAG2.1.2.0
2026-04-30 11:51:03,562 [WARN] PackLoader:240 - Cannot read IP mode file for STMicroelectronics.FP-SNS-FLIGHT1.5.1.0
2026-04-30 11:51:03,577 [INFO] LogOutputStream:77 - [STDOUT_REDIRECT] 1 : Invalid condition id : UX_CORESTACK_Condition cause : null
2026-04-30 11:51:03,579 [INFO] LogOutputStream:77 - [STDOUT_REDIRECT] 1 : Invalid condition id : UX_CORESTACK_Condition cause : null
2026-04-30 11:51:03,581 [INFO] LogOutputStream:77 - [STDOUT_REDIRECT] 1 : Invalid condition id : UX_CORESTACK_Condition cause : null
2026-04-30 11:51:03,582 [INFO] LogOutputStream:77 - [STDOUT_REDIRECT] 1 : Invalid condition id : UX_CORESTACK_Condition cause : null
2026-04-30 11:51:03,583 [INFO] LogOutputStream:77 - [STDOUT_REDIRECT] 1 : Invalid condition id : UX_CORESTACK_Condition cause : null
2026-04-30 11:51:03,587 [WARN] PackLoader:240 - Cannot read IP mode file for STMicroelectronics.X-CUBE-AZRTOS-WL.2.0.0
2026-04-30 11:51:03,600 [WARN] PackLoader:240 - Cannot read IP mode file for STMicroelectronics.FP-SNS-MOTENV1.5.0.0
2026-04-30 11:51:03,627 [WARN] PackLoader:240 - Cannot read IP mode file for STMicroelectronics.X-CUBE-AZRTOS-H7RS.1.2.0
2026-04-30 11:51:03,646 [WARN] PackLoader:240 - Cannot read IP mode file for WES.I-CUBE-Cesium.1.3.0
2026-04-30 11:51:03,659 [WARN] PackLoader:240 - Cannot read IP mode file for STMicroelectronics.X-CUBE-BLE2.3.3.0
2026-04-30 11:51:03,697 [WARN] PackLoader:240 - Cannot read IP mode file for STMicroelectronics.X-CUBE-NFC9.1.0.0
2026-04-30 11:51:03,786 [WARN] PackLoader:240 - Cannot read IP mode file for STMicroelectronics.X-CUBE-BLE1.7.1.0
2026-04-30 11:51:03,796 [WARN] PackLoader:240 - Cannot read IP mode file for wolfSSL.I-CUBE-wolfMQTT.1.19.2
2026-04-30 11:51:03,802 [ERROR] Engine:466 - C:\Users\49157\.stm32cubemx\thirdparties\pdsc\STMicroelectronics.X-CUBE-FREERTOS.1.4.0.pdsc: PDSC version is not supported
2026-04-30 11:51:03,812 [WARN] PackLoader:240 - Cannot read IP mode file for STMicroelectronics.X-CUBE-EEPRMA1.5.2.0
2026-04-30 11:51:03,825 [ERROR] Engine:466 - C:\Users\49157\.stm32cubemx\thirdparties\pdsc\STMicroelectronics.X-CUBE-ST67W61.1.1.0.pdsc: PDSC version is not supported
2026-04-30 11:51:03,832 [ERROR] Engine:466 - C:\Users\49157\.stm32cubemx\thirdparties\pdsc\STMicroelectronics.FP-SNS-STAIOTCFT.1.1.0.pdsc: PDSC version is not supported
2026-04-30 11:51:03,887 [WARN] PackLoader:240 - Cannot read IP mode file for STMicroelectronics.X-CUBE-MEMS1.12.0.0
2026-04-30 11:51:04,033 [WARN] PackLoader:240 - Cannot read IP mode file for STMicroelectronics.X-CUBE-MEMS1.11.2.0
2026-04-30 11:51:04,194 [WARN] PackLoader:240 - Cannot read IP mode file for STMicroelectronics.X-CUBE-AZRTOS-G0.1.1.0
2026-04-30 11:51:04,207 [WARN] PackLoader:240 - Cannot read IP mode file for STMicroelectronics.X-CUBE-SAFEA1.1.2.2
2026-04-30 11:51:04,220 [WARN] PackLoader:240 - Cannot read IP mode file for STMicroelectronics.X-CUBE-NFC4.3.0.0
2026-04-30 11:51:04,234 [WARN] PackLoader:240 - Cannot read IP mode file for EmbeddedOffice.I-CUBE-FS-RTOS.1.0.1
2026-04-30 11:51:04,245 [WARN] PackLoader:240 - Cannot read IP mode file for STMicroelectronics.X-CUBE-WB05N.2.0.0
2026-04-30 11:51:04,254 [WARN] PackLoader:240 - Cannot read IP mode file for wolfSSL.I-CUBE-wolfTPM.3.8.0
2026-04-30 11:51:04,264 [WARN] PackLoader:240 - Cannot read IP mode file for STMicroelectronics.X-CUBE-TCPP.4.2.0
2026-04-30 11:51:04,275 [WARN] PackLoader:240 - Cannot read IP mode file for RealThread.X-CUBE-RT-Thread_Nano.4.1.1
2026-04-30 11:51:04,283 [WARN] PackLoader:240 - Cannot read IP mode file for STMicroelectronics.FP-ATR-SIGFOX1.3.2.0
2026-04-30 11:51:04,292 [WARN] PackLoader:240 - Cannot read IP mode file for STMicroelectronics.X-CUBE-EEPRMA1.5.1.0
2026-04-30 11:51:04,297 [ERROR] Engine:466 - C:\Users\49157\.stm32cubemx\thirdparties\pdsc\STMicroelectronics.X-CUBE-FREERTOS.1.5.0.pdsc: PDSC version is not supported
2026-04-30 11:51:04,304 [WARN] PackLoader:240 - Cannot read IP mode file for wolfSSL.I-CUBE-wolfSSL.5.7.6
2026-04-30 11:51:04,315 [WARN] PackLoader:240 - Cannot read IP mode file for ITTIA_DB.I-CUBE-ITTIADB.8.9.0
2026-04-30 11:51:04,325 [WARN] PackLoader:240 - Cannot read IP mode file for STMicroelectronics.X-CUBE-NFC6.3.2.0
2026-04-30 11:51:04,334 [WARN] PackLoader:240 - Cannot read IP mode file for STMicroelectronics.X-CUBE-AI.10.2.0
2026-04-30 11:51:04,383 [WARN] PackLoader:240 - Cannot read IP mode file for STMicroelectronics.X-CUBE-MEMS1.12.1.0
2026-04-30 11:51:04,481 [WARN] PackLoader:240 - Cannot read IP mode file for SEGGER.I-CUBE-embOS.1.3.1
2026-04-30 11:51:04,516 [WARN] PackLoader:240 - Cannot read IP mode file for STMicroelectronics.X-CUBE-ALGOBUILD.1.4.0
2026-04-30 11:51:04,524 [WARN] PackLoader:240 - Cannot read IP mode file for STMicroelectronics.X-CUBE-PM33A1.1.0.0
2026-04-30 11:51:04,542 [WARN] PackLoader:240 - Cannot read IP mode file for STMicroelectronics.X-CUBE-AZRTOS-F4.1.1.0
2026-04-30 11:51:04,552 [WARN] PackLoader:240 - Cannot read IP mode file for Avnet-IotConnect.X-CUBE-IoTC-DA16k-PMOD.1.0.0
2026-04-30 11:51:04,559 [WARN] PackLoader:240 - Cannot read IP mode file for STMicroelectronics.X-CUBE-ISPU.2.1.0
2026-04-30 11:51:04,565 [ERROR] Engine:466 - C:\Users\49157\.stm32cubemx\thirdparties\pdsc\STMicroelectronics.X-CUBE-IPS.3.2.0.pdsc: PDSC version is not supported
2026-04-30 11:51:04,572 [WARN] PackLoader:240 - Cannot read IP mode file for STMicroelectronics.eDS-WB_DPC_TT-BIDIR.2.1.1
2026-04-30 11:51:04,581 [WARN] PackLoader:240 - Cannot read IP mode file for STMicroelectronics.X-CUBE-NFC12.1.0.0
2026-04-30 11:51:04,600 [WARN] PackLoader:240 - Cannot read IP mode file for STMicroelectronics.X-CUBE-AZRTOS-L5.2.0.0
2026-04-30 11:51:04,610 [WARN] PackLoader:240 - Cannot read IP mode file for STMicroelectronics.X-CUBE-NFC6.3.1.0
2026-04-30 11:51:04,618 [WARN] PackLoader:240 - Cannot read IP mode file for STMicroelectronics.eDS-WB_DPC_VIENNA.1.2.0
2026-04-30 11:51:04,624 [WARN] PackLoader:240 - Cannot read IP mode file for STMicroelectronics.eDS-WB_DPC_3PH2L-BIDIR.1.1.1
2026-04-30 11:51:04,627 [ERROR] Engine:466 - C:\Users\49157\.stm32cubemx\thirdparties\pdsc\STMicroelectronics.X-CUBE-ST67W61.1.3.0.pdsc: PDSC version is not supported
2026-04-30 11:51:04,635 [WARN] PackLoader:240 - Cannot read IP mode file for STMicroelectronics.X-CUBE-FREERTOS.1.3.1
2026-04-30 11:51:04,641 [WARN] PackLoader:240 - Cannot read IP mode file for STMicroelectronics.X-CUBE-FREERTOS.1.3.0
2026-04-30 11:51:04,649 [WARN] PackLoader:240 - Cannot read IP mode file for STMicroelectronics.X-CUBE-NFC7.1.0.1
2026-04-30 11:51:04,658 [WARN] PackLoader:240 - Cannot read IP mode file for STMicroelectronics.X-CUBE-TOUCHGFX.4.26.0
2026-04-30 11:51:04,662 [WARN] PackLoader:240 - Cannot read IP mode file for STMicroelectronics.X-CUBE-TOUCHGFX.4.26.1
2026-04-30 11:51:04,669 [WARN] PackLoader:240 - Cannot read IP mode file for STMicroelectronics.FP-SNS-STAIOTCFT.1.0.0
2026-04-30 11:51:04,677 [WARN] PackLoader:240 - Cannot read IP mode file for STMicroelectronics.X-CUBE-DPower.1.3.0
2026-04-30 11:51:04,705 [WARN] ConditionMgr:438 - getConditionDescription Invalid condition id : LAN8742 Phy interface Condition cause : null
2026-04-30 11:51:04,706 [WARN] PackLoader:240 - Cannot read IP mode file for STMicroelectronics.X-CUBE-AZRTOS-L4.2.0.0
2026-04-30 11:51:04,707 [WARN] ConditionMgr:1044 - genDependencies : Invalid condition id : LAN8742 Phy interface Condition cause : null
2026-04-30 11:51:04,708 [WARN] ConditionMgr:1044 - genDependencies : Invalid condition id : LAN8742 Phy interface Condition cause : null
2026-04-30 11:51:04,708 [WARN] ConditionMgr:1044 - genDependencies : Invalid condition id : LAN8742 Phy interface Condition cause : null
2026-04-30 11:51:04,718 [WARN] PackLoader:240 - Cannot read IP mode file for STMicroelectronics.X-CUBE-SFXS2LP1.4.0.0
2026-04-30 11:51:04,725 [WARN] PackLoader:240 - Cannot read IP mode file for STMicroelectronics.X-CUBE-WB05N.2.1.0
2026-04-30 11:51:04,731 [ERROR] Engine:466 - C:\Users\49157\.stm32cubemx\thirdparties\pdsc\STMicroelectronics.X-CUBE-ST67W61.1.2.0.pdsc: PDSC version is not supported
2026-04-30 11:51:04,748 [WARN] PackLoader:240 - Cannot read IP mode file for STMicroelectronics.X-CUBE-AZRTOS-H7.3.3.0
2026-04-30 11:51:04,761 [WARN] PackLoader:240 - Cannot read IP mode file for STMicroelectronics.X-CUBE-BLEMGR.4.1.0
2026-04-30 11:51:04,777 [WARN] ConditionMgr:438 - getConditionDescription Invalid condition id : UX DEVICE CLASS RTOS Condition cause : null
2026-04-30 11:51:04,777 [WARN] ConditionMgr:438 - getConditionDescription Invalid condition id : UX DEVICE CLASS RTOS Condition cause : null
2026-04-30 11:51:04,779 [WARN] PackLoader:240 - Cannot read IP mode file for STMicroelectronics.X-CUBE-AZRTOS-WB.2.0.0
2026-04-30 11:51:04,780 [WARN] ConditionMgr:1044 - genDependencies : Invalid condition id : UX DEVICE CLASS RTOS Condition cause : null
2026-04-30 11:51:04,781 [WARN] ConditionMgr:1044 - genDependencies : Invalid condition id : UX DEVICE CLASS RTOS Condition cause : null
2026-04-30 11:51:04,782 [WARN] ConditionMgr:1044 - genDependencies : Invalid condition id : UX DEVICE CLASS RTOS Condition cause : null
2026-04-30 11:51:04,782 [WARN] ConditionMgr:1044 - genDependencies : Invalid condition id : UX DEVICE CLASS RTOS Condition cause : null
2026-04-30 11:51:04,782 [WARN] ConditionMgr:1044 - genDependencies : Invalid condition id : UX DEVICE CLASS RTOS Condition cause : null
2026-04-30 11:51:04,792 [WARN] PackLoader:240 - Cannot read IP mode file for STMicroelectronics.X-CUBE-GNSS1.7.0.1
2026-04-30 11:51:04,798 [WARN] PackLoader:240 - Cannot read IP mode file for STMicroelectronics.X-CUBE-TOUCHGFX.4.25.0
2026-04-30 11:51:04,805 [WARN] PackLoader:240 - Cannot read IP mode file for STMicroelectronics.FP-SNS-STBOX1.2.0.0
2026-04-30 11:51:04,817 [WARN] PackLoader:240 - Cannot read IP mode file for STMicroelectronics.X-CUBE-STSE01.2.0.0
2026-04-30 11:51:04,829 [WARN] PackLoader:240 - Cannot read IP mode file for STMicroelectronics.X-CUBE-SUBG2.5.0.0
2026-04-30 11:51:04,849 [WARN] PackLoader:240 - Cannot read IP mode file for STMicroelectronics.X-CUBE-AZRTOS-H7RS.1.1.0
2026-04-30 11:51:04,859 [WARN] PackLoader:240 - Cannot read IP mode file for Cesanta.I-CUBE-Mongoose.7.13.0
2026-04-30 11:51:04,874 [WARN] PackLoader:240 - Cannot read IP mode file for STMicroelectronics.X-CUBE-AZRTOS-G4.2.0.0
2026-04-30 11:51:04,882 [WARN] PackLoader:240 - Cannot read IP mode file for wolfSSL.I-CUBE-wolfSSH.1.4.20
2026-04-30 11:51:04,886 [WARN] PackLoader:240 - Cannot read IP mode file for STMicroelectronics.X-CUBE-NFC7.2.0.0
2026-04-30 11:51:04,902 [WARN] PackLoader:240 - Cannot read IP mode file for STMicroelectronics.X-CUBE-IPS.3.1.0
2026-04-30 11:51:04,914 [WARN] PackLoader:240 - Cannot read IP mode file for STMicroelectronics.X-CUBE-ALS.1.0.2
2026-04-30 11:51:04,920 [WARN] PackLoader:240 - Cannot read IP mode file for STMicroelectronics.X-CUBE-STSE01.1.0.0
2026-04-30 11:51:04,928 [WARN] PackLoader:240 - Cannot read IP mode file for portGmbH.I-Cube-SoM-uGOAL.1.1.0
2026-04-30 11:51:04,942 [WARN] PackLoader:240 - Cannot read IP mode file for STMicroelectronics.X-CUBE-TOF1.3.4.3
2026-04-30 11:51:04,951 [INFO] ThirdParty:978 - Integrity check success = true
2026-04-30 11:51:04,952 [INFO] IntegrityCheckThread:100 - exiting critical section [integrity check]
2026-04-30 11:51:04,952 [INFO] IntegrityCheckThread:103 - End integrity checks thread
2026-04-30 11:51:37,814 [ERROR] LogOutputStream:75 - [STDERR_REDIRECT] 
