2026-05-05 14:41:37,239 [INFO] Activator:176 - 


2026-05-05 14:41:37,247 [INFO] Activator:177 - !SESSION log4j initialized
2026-05-05 14:41:41,675 [INFO] LogOutputStream:77 - [STDOUT_REDIRECT] 
2026-05-05 14:41:43,053 [INFO] ApplicationProperties:184 - Using Application install path: C:\ST\STM32CubeIDE_1.18.1\STM32CubeIDE\plugins\com.st.stm32cube.common.mx_6.14.1.202504091515
2026-05-05 14:41:43,071 [INFO] DbMcusXml:78 - Set database path to: C:\ST\STM32CubeIDE_1.18.1\STM32CubeIDE\plugins\com.st.stm32cube.common.mx_6.14.1.202504091515\\db\/mcu/
2026-05-05 14:41:43,072 [INFO] ApiDb:274 - Set plugin database path to: C:\ST\STM32CubeIDE_1.18.1\STM32CubeIDE\plugins\com.st.stm32cube.common.mx_6.14.1.202504091515\\db\/plugins/boardmanager/
2026-05-05 14:41:43,072 [WARN] ApiDb:259 - Overriding images path with different value:  => C:\ST\STM32CubeIDE_1.18.1\STM32CubeIDE\plugins\com.st.stm32cube.common.mx_6.14.1.202504091515\\db\/plugins/mcufinder/images/
2026-05-05 14:41:43,086 [INFO] ApiDb:250 - Set database path to: C:\Users\49157\.stmcufinder\plugins\mcufinder//mcu/
2026-05-05 14:41:43,087 [INFO] DbMcusAds:125 - Set database path to: C:\Users\49157\.stmcufinder\plugins\mcufinder//mcu/
2026-05-05 14:41:43,090 [INFO] CrossReferenceDbSqlite:203 - Set database path to: C:\Users\49157\.stmcufinder\plugins\mcufinder//mcu/cs/
2026-05-05 14:41:43,195 [INFO] RulesReader:64 - Compatibility file has been processed (302 Rules)
2026-05-05 14:41:43,273 [INFO] DbMcusXml:78 - Set database path to: C:\ST\STM32CubeIDE_1.18.1\STM32CubeIDE\plugins\com.st.stm32cube.common.mx_6.14.1.202504091515\\db\/mcu/
2026-05-05 14:41:43,273 [INFO] ApiDb:274 - Set plugin database path to: C:\ST\STM32CubeIDE_1.18.1\STM32CubeIDE\plugins\com.st.stm32cube.common.mx_6.14.1.202504091515\\db\/plugins/boardmanager/
2026-05-05 14:41:43,273 [INFO] ApiDb:261 - Set plugin images path to: C:\ST\STM32CubeIDE_1.18.1\STM32CubeIDE\plugins\com.st.stm32cube.common.mx_6.14.1.202504091515\\db\/plugins/mcufinder/images/
2026-05-05 14:41:43,273 [WARN] DbFile:41 - Overriding database path with different value: C:\Users\49157\.stmcufinder\plugins\mcufinder/ => C:\Users\49157\.stmcufinder\plugins\mcufinder
2026-05-05 14:41:43,273 [INFO] ApiDb:250 - Set database path to: C:\Users\49157\.stmcufinder\plugins\mcufinder//mcu/
2026-05-05 14:41:43,273 [WARN] DbFile:41 - Overriding database path with different value: C:\Users\49157\.stmcufinder\plugins\mcufinder/ => C:\Users\49157\.stmcufinder\plugins\mcufinder
2026-05-05 14:41:43,273 [INFO] DbMcusAds:125 - Set database path to: C:\Users\49157\.stmcufinder\plugins\mcufinder//mcu/
2026-05-05 14:41:43,273 [WARN] DbFile:41 - Overriding database path with different value: C:\Users\49157\.stmcufinder\plugins\mcufinder/ => C:\Users\49157\.stmcufinder\plugins\mcufinder
2026-05-05 14:41:43,273 [WARN] DbFile:41 - Overriding database path with different value: C:\Users\49157\.stmcufinder\plugins\mcufinder/ => C:\Users\49157\.stmcufinder\plugins\mcufinder
2026-05-05 14:41:43,273 [INFO] CrossReferenceDbSqlite:203 - Set database path to: C:\Users\49157\.stmcufinder\plugins\mcufinder//mcu/cs/
2026-05-05 14:41:43,355 [INFO] MainPanel:272 - HeapMemory: 268435456
2026-05-05 14:41:43,462 [INFO] DbMcusXml:78 - Set database path to: C:\ST\STM32CubeIDE_1.18.1\STM32CubeIDE\plugins\com.st.stm32cube.common.mx_6.14.1.202504091515\\db\/mcu/
2026-05-05 14:41:43,462 [INFO] ApiDb:274 - Set plugin database path to: C:\ST\STM32CubeIDE_1.18.1\STM32CubeIDE\plugins\com.st.stm32cube.common.mx_6.14.1.202504091515\\db\/plugins/boardmanager/
2026-05-05 14:41:43,462 [INFO] ApiDb:261 - Set plugin images path to: C:\ST\STM32CubeIDE_1.18.1\STM32CubeIDE\plugins\com.st.stm32cube.common.mx_6.14.1.202504091515\\db\/plugins/mcufinder/images/
2026-05-05 14:41:43,462 [WARN] DbFile:41 - Overriding database path with different value: C:\Users\49157\.stmcufinder\plugins\mcufinder/ => C:\Users\49157\.stmcufinder\plugins\mcufinder
2026-05-05 14:41:43,462 [INFO] ApiDb:250 - Set database path to: C:\Users\49157\.stmcufinder\plugins\mcufinder//mcu/
2026-05-05 14:41:43,462 [WARN] DbFile:41 - Overriding database path with different value: C:\Users\49157\.stmcufinder\plugins\mcufinder/ => C:\Users\49157\.stmcufinder\plugins\mcufinder
2026-05-05 14:41:43,463 [INFO] DbMcusAds:125 - Set database path to: C:\Users\49157\.stmcufinder\plugins\mcufinder//mcu/
2026-05-05 14:41:43,463 [WARN] DbFile:41 - Overriding database path with different value: C:\Users\49157\.stmcufinder\plugins\mcufinder/ => C:\Users\49157\.stmcufinder\plugins\mcufinder
2026-05-05 14:41:43,463 [WARN] DbFile:41 - Overriding database path with different value: C:\Users\49157\.stmcufinder\plugins\mcufinder/ => C:\Users\49157\.stmcufinder\plugins\mcufinder
2026-05-05 14:41:43,463 [INFO] CrossReferenceDbSqlite:203 - Set database path to: C:\Users\49157\.stmcufinder\plugins\mcufinder//mcu/cs/
2026-05-05 14:41:43,480 [INFO] ApplicationProperties:184 - Using Application install path: C:\ST\STM32CubeIDE_1.18.1\STM32CubeIDE\plugins\com.st.stm32cube.common.mx_6.14.1.202504091515
2026-05-05 14:41:43,481 [INFO] PluginManage:196 - Search for loadable plugins [exclusion list=, ]
2026-05-05 14:41:43,482 [INFO] PluginManage:310 - Check plugin analytics
2026-05-05 14:41:43,639 [INFO] AnalyticsPlugin:253 - Accepted Software Licenses: 
2026-05-05 14:41:43,640 [INFO] AnalyticsPlugin:255 - Accepted CMSIS Pack Licenses: 
2026-05-05 14:41:43,640 [INFO] AnalyticsPlugin:257 - Accepted Firmware Licenses: FW.F4.1.28.0
2026-05-05 14:41:43,642 [INFO] PluginManage:359 - Loaded plugin analytics (category:tool,tabindex:-1)
2026-05-05 14:41:43,642 [INFO] PluginManage:310 - Check plugin cadmodel
2026-05-05 14:41:43,649 [INFO] CADModel:105 - Init CAD model plugin
2026-05-05 14:41:43,650 [INFO] PluginManage:359 - Loaded plugin cadmodel (category:power,tabindex:5)
2026-05-05 14:41:43,650 [INFO] PluginManage:310 - Check plugin clock
2026-05-05 14:41:43,658 [INFO] PluginManage:359 - Loaded plugin clock (category:base,tabindex:2)
2026-05-05 14:41:43,658 [INFO] PluginManage:310 - Check plugin ddr
2026-05-05 14:41:43,661 [INFO] PluginManage:359 - Loaded plugin ddr (category:tool,tabindex:6)
2026-05-05 14:41:43,661 [INFO] PluginManage:310 - Check plugin filemanager
2026-05-05 14:41:43,808 [INFO] PluginManage:359 - Loaded plugin filemanager (category:base,tabindex:10)
2026-05-05 14:41:43,809 [INFO] PluginManage:310 - Check plugin ipmanager
2026-05-05 14:41:43,818 [INFO] PluginManage:359 - Loaded plugin ipmanager (category:base,tabindex:5)
2026-05-05 14:41:43,818 [INFO] PluginManage:310 - Check plugin lpbam
2026-05-05 14:41:43,825 [INFO] PluginManage:359 - Loaded plugin lpbam (category:base,tabindex:0)
2026-05-05 14:41:43,826 [INFO] PluginManage:310 - Check plugin memorymap
2026-05-05 14:41:43,855 [INFO] PluginManage:359 - Loaded plugin memorymap (category:base,tabindex:4)
2026-05-05 14:41:43,856 [INFO] PluginManage:310 - Check plugin pinoutandconfiguration
2026-05-05 14:41:43,864 [INFO] PluginManage:359 - Loaded plugin pinoutandconfiguration (category:base,tabindex:1)
2026-05-05 14:41:43,865 [INFO] PluginManage:310 - Check plugin pinoutconfig
2026-05-05 14:41:43,944 [WARN] SupportedApi:132 - Cannot load RTOS API schema: s4s-elt-must-match.1: The content of 'definitions' must match (annotation?, (simpleType | complexType)?, (unique | key | keyref)*)). A problem was found starting at: attribute.
2026-05-05 14:41:44,042 [INFO] PluginManage:359 - Loaded plugin pinoutconfig (category:base,tabindex:0)
2026-05-05 14:41:44,042 [INFO] PluginManage:310 - Check plugin power
2026-05-05 14:41:44,050 [INFO] PluginManage:359 - Loaded plugin power (category:power,tabindex:4)
2026-05-05 14:41:44,050 [INFO] PluginManage:310 - Check plugin projectmanager
2026-05-05 14:41:44,064 [INFO] PluginManage:359 - Loaded plugin projectmanager (category:projectmanager,tabindex:4)
2026-05-05 14:41:44,064 [INFO] PluginManage:310 - Check plugin rif
2026-05-05 14:41:44,073 [INFO] PluginManage:359 - Loaded plugin rif (category:base,tabindex:3)
2026-05-05 14:41:44,073 [INFO] PluginManage:310 - Check plugin thirdparty
2026-05-05 14:41:44,192 [INFO] PluginManage:359 - Loaded plugin thirdparty (category:base,tabindex:-1)
2026-05-05 14:41:44,193 [INFO] PluginManage:310 - Check plugin tools
2026-05-05 14:41:44,192 [WARN] IntegrityCheckThread:84 - waiting for thirdparty lock release [integrity check]
2026-05-05 14:41:44,193 [INFO] IntegrityCheckThread:86 - entering critical section [integrity check]
2026-05-05 14:41:44,193 [INFO] ThirdPartyUpdaterWithRetryManager:70 - Updater plugin not ready yet. [1/15]
2026-05-05 14:41:44,195 [INFO] PluginManage:359 - Loaded plugin tools (category:base,tabindex:7)
2026-05-05 14:41:44,195 [INFO] PluginManage:310 - Check plugin tutovideos
2026-05-05 14:41:44,341 [INFO] PluginManage:359 - Loaded plugin tutovideos (category:base,tabindex:-1)
2026-05-05 14:41:44,341 [INFO] PluginManage:310 - Check plugin updater
2026-05-05 14:41:44,360 [INFO] PluginManage:359 - Loaded plugin updater (category:base,tabindex:12)
2026-05-05 14:41:44,360 [INFO] PluginManage:310 - Check plugin userauth
2026-05-05 14:41:44,365 [INFO] UserAuth:118 - Init User Auth plugin
2026-05-05 14:41:44,365 [INFO] PluginManage:359 - Loaded plugin userauth (category:base,tabindex:14)
2026-05-05 14:41:44,366 [INFO] PluginManage:283 - PluginManage : Loaded plugins [18]
2026-05-05 14:41:44,543 [INFO] PinOutPanel:1589 - setPackage(No Configuration,No Configuration)
2026-05-05 14:41:44,617 [INFO] CADModel:165 - CPN selected for project level
2026-05-05 14:41:44,617 [INFO] CADModel:114 - Register for checkConnection events
2026-05-05 14:41:44,632 [INFO] IPUIPlugin:80 - create IPUIPlugin
2026-05-05 14:41:44,632 [INFO] PluginManager:220 - loadIPPluginJar : add adc
2026-05-05 14:41:44,634 [INFO] IPUIPlugin:80 - create IPUIPlugin
2026-05-05 14:41:44,634 [INFO] PluginManager:220 - loadIPPluginJar : add aes
2026-05-05 14:41:44,636 [INFO] IPUIPlugin:80 - create IPUIPlugin
2026-05-05 14:41:44,636 [INFO] PluginManager:220 - loadIPPluginJar : add can
2026-05-05 14:41:44,637 [INFO] IPUIPlugin:80 - create IPUIPlugin
2026-05-05 14:41:44,638 [INFO] PluginManager:220 - loadIPPluginJar : add comp
2026-05-05 14:41:44,639 [INFO] IPUIPlugin:80 - create IPUIPlugin
2026-05-05 14:41:44,639 [INFO] PluginManager:220 - loadIPPluginJar : add cryp
2026-05-05 14:41:44,643 [INFO] IPUIPlugin:80 - create IPUIPlugin
2026-05-05 14:41:44,643 [INFO] PluginManager:220 - loadIPPluginJar : add ddr_ctrl_phy
2026-05-05 14:41:44,646 [INFO] IPUIPlugin:80 - create IPUIPlugin
2026-05-05 14:41:44,646 [INFO] PluginManager:220 - loadIPPluginJar : add dfsdm
2026-05-05 14:41:44,650 [INFO] IPUIPlugin:80 - create IPUIPlugin
2026-05-05 14:41:44,651 [INFO] PluginManager:220 - loadIPPluginJar : add dma
2026-05-05 14:41:44,653 [INFO] IPUIPlugin:80 - create IPUIPlugin
2026-05-05 14:41:44,653 [INFO] PluginManager:220 - loadIPPluginJar : add dma3
2026-05-05 14:41:44,655 [INFO] IPUIPlugin:80 - create IPUIPlugin
2026-05-05 14:41:44,656 [INFO] PluginManager:220 - loadIPPluginJar : add extmemmanager
2026-05-05 14:41:44,657 [INFO] IPUIPlugin:80 - create IPUIPlugin
2026-05-05 14:41:44,657 [INFO] PluginManager:220 - loadIPPluginJar : add fatfs
2026-05-05 14:41:44,662 [INFO] IPUIPlugin:80 - create IPUIPlugin
2026-05-05 14:41:44,662 [INFO] PluginManager:220 - loadIPPluginJar : add fmc
2026-05-05 14:41:44,666 [INFO] IPUIPlugin:80 - create IPUIPlugin
2026-05-05 14:41:44,666 [INFO] PluginManager:220 - loadIPPluginJar : add freertos
2026-05-05 14:41:44,667 [INFO] IPUIPlugin:80 - create IPUIPlugin
2026-05-05 14:41:44,667 [INFO] PluginManager:220 - loadIPPluginJar : add genericplugin
2026-05-05 14:41:44,669 [INFO] IPUIPlugin:80 - create IPUIPlugin
2026-05-05 14:41:44,670 [INFO] PluginManager:220 - loadIPPluginJar : add gfxmmu
2026-05-05 14:41:44,673 [INFO] IPUIPlugin:80 - create IPUIPlugin
2026-05-05 14:41:44,673 [INFO] PluginManager:220 - loadIPPluginJar : add gic
2026-05-05 14:41:44,676 [INFO] IPUIPlugin:80 - create IPUIPlugin
2026-05-05 14:41:44,677 [INFO] PluginManager:220 - loadIPPluginJar : add gpio
2026-05-05 14:41:44,680 [INFO] IPUIPlugin:80 - create IPUIPlugin
2026-05-05 14:41:44,680 [INFO] PluginManager:220 - loadIPPluginJar : add gtzc
2026-05-05 14:41:44,682 [INFO] IPUIPlugin:80 - create IPUIPlugin
2026-05-05 14:41:44,682 [INFO] PluginManager:220 - loadIPPluginJar : add hash
2026-05-05 14:41:44,684 [INFO] IPUIPlugin:80 - create IPUIPlugin
2026-05-05 14:41:44,684 [INFO] PluginManager:220 - loadIPPluginJar : add i2c
2026-05-05 14:41:44,687 [INFO] IPUIPlugin:80 - create IPUIPlugin
2026-05-05 14:41:44,687 [INFO] PluginManager:220 - loadIPPluginJar : add i2s
2026-05-05 14:41:44,689 [INFO] IPUIPlugin:80 - create IPUIPlugin
2026-05-05 14:41:44,689 [INFO] PluginManager:220 - loadIPPluginJar : add i3c
2026-05-05 14:41:44,693 [INFO] IPUIPlugin:80 - create IPUIPlugin
2026-05-05 14:41:44,693 [INFO] PluginManager:220 - loadIPPluginJar : add ipddr
2026-05-05 14:41:44,699 [INFO] IPUIPlugin:80 - create IPUIPlugin
2026-05-05 14:41:44,699 [INFO] PluginManager:220 - loadIPPluginJar : add linkedlist
2026-05-05 14:41:44,702 [INFO] IPUIPlugin:80 - create IPUIPlugin
2026-05-05 14:41:44,702 [INFO] PluginManager:220 - loadIPPluginJar : add lorawan
2026-05-05 14:41:44,704 [INFO] IPUIPlugin:80 - create IPUIPlugin
2026-05-05 14:41:44,704 [INFO] PluginManager:220 - loadIPPluginJar : add ltdc
2026-05-05 14:41:44,708 [INFO] IPUIPlugin:80 - create IPUIPlugin
2026-05-05 14:41:44,708 [INFO] PluginManager:220 - loadIPPluginJar : add mdma
2026-05-05 14:41:44,711 [INFO] IPUIPlugin:80 - create IPUIPlugin
2026-05-05 14:41:44,711 [INFO] PluginManager:220 - loadIPPluginJar : add nvic
2026-05-05 14:41:44,714 [INFO] IPUIPlugin:80 - create IPUIPlugin
2026-05-05 14:41:44,714 [INFO] PluginManager:220 - loadIPPluginJar : add opamp
2026-05-05 14:41:44,717 [INFO] IPUIPlugin:80 - create IPUIPlugin
2026-05-05 14:41:44,717 [INFO] PluginManager:220 - loadIPPluginJar : add openamp
2026-05-05 14:41:44,720 [INFO] IPUIPlugin:80 - create IPUIPlugin
2026-05-05 14:41:44,720 [INFO] PluginManager:220 - loadIPPluginJar : add pdm2pcm
2026-05-05 14:41:44,726 [INFO] IPUIPlugin:80 - create IPUIPlugin
2026-05-05 14:41:44,729 [INFO] PluginManager:220 - loadIPPluginJar : add plateformsettings
2026-05-05 14:41:44,731 [INFO] IPUIPlugin:80 - create IPUIPlugin
2026-05-05 14:41:44,731 [INFO] PluginManager:220 - loadIPPluginJar : add quadspi
2026-05-05 14:41:44,732 [INFO] IPUIPlugin:80 - create IPUIPlugin
2026-05-05 14:41:44,733 [INFO] PluginManager:220 - loadIPPluginJar : add radio
2026-05-05 14:41:44,736 [INFO] IPUIPlugin:80 - create IPUIPlugin
2026-05-05 14:41:44,736 [INFO] PluginManager:220 - loadIPPluginJar : add resmgrutility
2026-05-05 14:41:44,740 [INFO] IPUIPlugin:80 - create IPUIPlugin
2026-05-05 14:41:44,740 [INFO] PluginManager:220 - loadIPPluginJar : add sai
2026-05-05 14:41:44,742 [INFO] IPUIPlugin:80 - create IPUIPlugin
2026-05-05 14:41:44,742 [INFO] PluginManager:220 - loadIPPluginJar : add spi
2026-05-05 14:41:44,748 [INFO] IPUIPlugin:80 - create IPUIPlugin
2026-05-05 14:41:44,748 [INFO] PluginManager:220 - loadIPPluginJar : add stm32_wpan
2026-05-05 14:41:44,749 [INFO] IPUIPlugin:80 - create IPUIPlugin
2026-05-05 14:41:44,749 [INFO] PluginManager:220 - loadIPPluginJar : add tim
2026-05-05 14:41:44,753 [INFO] IPUIPlugin:80 - create IPUIPlugin
2026-05-05 14:41:44,753 [INFO] PluginManager:220 - loadIPPluginJar : add touchsensing
2026-05-05 14:41:44,756 [INFO] IPUIPlugin:80 - create IPUIPlugin
2026-05-05 14:41:44,756 [INFO] PluginManager:220 - loadIPPluginJar : add tracer_emb
2026-05-05 14:41:44,759 [INFO] IPUIPlugin:80 - create IPUIPlugin
2026-05-05 14:41:44,759 [INFO] PluginManager:220 - loadIPPluginJar : add ts
2026-05-05 14:41:44,762 [INFO] IPUIPlugin:80 - create IPUIPlugin
2026-05-05 14:41:44,762 [INFO] PluginManager:220 - loadIPPluginJar : add tsc
2026-05-05 14:41:44,765 [INFO] IPUIPlugin:80 - create IPUIPlugin
2026-05-05 14:41:44,765 [INFO] PluginManager:220 - loadIPPluginJar : add ucpd
2026-05-05 14:41:44,771 [INFO] IPUIPlugin:80 - create IPUIPlugin
2026-05-05 14:41:44,772 [INFO] PluginManager:220 - loadIPPluginJar : add usart
2026-05-05 14:41:44,776 [INFO] IPUIPlugin:80 - create IPUIPlugin
2026-05-05 14:41:44,776 [INFO] PluginManager:220 - loadIPPluginJar : add usbx
2026-05-05 14:41:44,909 [FATAL] Updater:351 - Updater called before beeing initialized
2026-05-05 14:41:44,942 [INFO] RulesReader:64 - Compatibility file has been processed (302 Rules)
2026-05-05 14:41:44,951 [INFO] RulesReader:64 - Compatibility file has been processed (302 Rules)
2026-05-05 14:41:44,958 [INFO] CADModel:165 - CPN selected for project level
2026-05-05 14:41:44,958 [INFO] CADModel:114 - Register for checkConnection events
2026-05-05 14:41:44,958 [FATAL] Updater:351 - Updater called before beeing initialized
2026-05-05 14:41:44,959 [ERROR] CADModel:125 - Updater not yet initialized, retry later 
2026-05-05 14:41:45,097 [FATAL] Updater:351 - Updater called before beeing initialized
2026-05-05 14:41:45,099 [INFO] CADModel:165 - CPN selected for project level
2026-05-05 14:41:45,099 [INFO] CADModel:114 - Register for checkConnection events
2026-05-05 14:41:45,099 [FATAL] Updater:351 - Updater called before beeing initialized
2026-05-05 14:41:45,099 [ERROR] CADModel:125 - Updater not yet initialized, retry later 
2026-05-05 14:41:45,103 [FATAL] Updater:351 - Updater called before beeing initialized
2026-05-05 14:41:45,193 [FATAL] Updater:351 - Updater called before beeing initialized
2026-05-05 14:41:45,197 [INFO] DbMcusAds:53 - JSON generation date=Fri Apr 10 11:19:02 CEST 2026 (1775812742310)
2026-05-05 14:41:45,198 [FATAL] Updater:351 - Updater called before beeing initialized
2026-05-05 14:41:45,232 [WARN] DetailPanel:346 - Failed to get advertising image, set to default
2026-05-05 14:41:45,444 [FATAL] Updater:351 - Updater called before beeing initialized
2026-05-05 14:41:45,448 [FATAL] Updater:351 - Updater called before beeing initialized
2026-05-05 14:41:45,448 [FATAL] Updater:351 - Updater called before beeing initialized
2026-05-05 14:41:45,448 [WARN] DetailPanel:346 - Failed to get advertising image, set to default
2026-05-05 14:41:45,448 [FATAL] Updater:351 - Updater called before beeing initialized
2026-05-05 14:41:45,492 [ERROR] Updater:1198 - MainUpdater not yet initialized. External WinMGr cannot be set.
2026-05-05 14:41:45,494 [INFO] Updater:1134 - Updater Version found : 6.14.1
2026-05-05 14:41:45,510 [INFO] ApplicationProperties:184 - Using Application install path: C:\ST\STM32CubeIDE_1.18.1\STM32CubeIDE\plugins\com.st.stm32cube.common.mx_6.14.1.202504091515
2026-05-05 14:41:47,081 [ERROR] LogOutputStream:75 - [STDERR_REDIRECT] May 05, 2026 2:41:47 PM java.util.prefs.WindowsPreferences <init>
2026-05-05 14:41:47,082 [ERROR] LogOutputStream:75 - [STDERR_REDIRECT] WARNING: Could not open/create prefs root node Software\JavaSoft\Prefs at root 0xffffffff80000002. Windows RegCreateKeyEx(...) returned error code 5.
2026-05-05 14:41:47,082 [ERROR] LogOutputStream:75 - [STDERR_REDIRECT] 
2026-05-05 14:41:47,195 [INFO] ThirdPartyUpdaterWithRetryManager:70 - Updater plugin not ready yet. [2/15]
2026-05-05 14:41:47,388 [INFO] MainUpdater:2872 - connection check result : 10
2026-05-05 14:41:47,389 [INFO] MainUpdater:289 - Updater Check For Update Now.
2026-05-05 14:41:47,389 [INFO] MicroXplorer:498 - Change Database Version : DB.6.0.141
2026-05-05 14:41:47,395 [INFO] McuFinderGlobals:63 - Set McuFinder mode to 2 (CubeIDE integrated)
2026-05-05 14:41:47,397 [INFO] UserAuth:484 - Internet connection configuration mode: 1
2026-05-05 14:41:47,422 [INFO] JxBrowserEngine:152 - Initiate JxBrowser Engine with user profile folder
2026-05-05 14:41:47,593 [INFO] CheckServerUpdateThread:120 - End of CheckServer Thread
2026-05-05 14:41:48,687 [INFO] WebApp:169 - Instantiating new browser for Auth
2026-05-05 14:41:49,593 [INFO] WebApp:463 - Apply proxy settings
2026-05-05 14:41:49,593 [INFO] WebApp:548 - Chromium requires no authentication
2026-05-05 14:41:49,606 [INFO] WebApp:491 - Direct internet connection detected
2026-05-05 14:41:49,635 [INFO] WebApp:894 - Register for checkConnection events
2026-05-05 14:41:49,635 [INFO] WebApp:463 - Apply proxy settings
2026-05-05 14:41:49,636 [INFO] WebApp:548 - Chromium requires no authentication
2026-05-05 14:41:49,637 [INFO] WebApp:491 - Direct internet connection detected
2026-05-05 14:41:49,766 [INFO] WebApp:191 - Connection restablished
2026-05-05 14:41:49,857 [INFO] WebApp:225 - Starting web application
2026-05-05 14:41:49,857 [INFO] WebApp:593 - Web application path used C:\ST\STM32CubeIDE_1.18.1\STM32CubeIDE\plugins\com.st.stm32cube.common.mx_6.14.1.202504091515\db\plugins\mcufinder\reactClient1\index.html
2026-05-05 14:41:50,101 [INFO] UserAuth:484 - Internet connection configuration mode: 1
2026-05-05 14:41:50,744 [WARN] PackLoader:240 - Cannot read IP mode file for STMicroelectronics.X-CUBE-AZRTOS-H7.3.5.0
2026-05-05 14:41:50,765 [WARN] PackLoader:240 - Cannot read IP mode file for STMicroelectronics.FP-SNS-MOTENVWB1.1.4.0
2026-05-05 14:41:50,778 [WARN] PackLoader:240 - Cannot read IP mode file for STMicroelectronics.FP-ATR-ASTRA1.2.0.2
2026-05-05 14:41:50,792 [WARN] PackLoader:240 - Cannot read IP mode file for STMicroelectronics.X-CUBE-SMBUS.2.1.0
2026-05-05 14:41:50,806 [WARN] PackLoader:240 - Cannot read IP mode file for STMicroelectronics.X-CUBE-WB05N.1.1.0
2026-05-05 14:41:50,815 [WARN] PackLoader:240 - Cannot read IP mode file for STMicroelectronics.X-CUBE-ST60.1.0.0
2026-05-05 14:41:50,883 [WARN] PackLoader:240 - Cannot read IP mode file for STMicroelectronics.X-CUBE-AZRTOS-F7.1.1.0
2026-05-05 14:41:50,900 [ERROR] Engine:466 - C:\Users\49157\.stm32cubemx\thirdparties\pdsc\STMicroelectronics.FP-SNS-MOTENV1.5.1.0.pdsc: PDSC version is not supported
2026-05-05 14:41:50,929 [WARN] PackLoader:240 - Cannot read IP mode file for Infineon.AIROC-Wi-Fi-Bluetooth-STM32.1.7.0
2026-05-05 14:41:50,984 [WARN] PackLoader:240 - Cannot read IP mode file for STMicroelectronics.X-CUBE-AZRTOS-H7.3.4.0
2026-05-05 14:41:51,000 [WARN] PackLoader:240 - Cannot read IP mode file for STMicroelectronics.X-CUBE-DISPLAY.3.0.0
2026-05-05 14:41:51,017 [WARN] PackLoader:240 - Cannot read IP mode file for STMicroelectronics.X-CUBE-GNSS1.7.1.1
2026-05-05 14:41:51,025 [ERROR] Engine:466 - C:\Users\49157\.stm32cubemx\thirdparties\pdsc\STMicroelectronics.FP-SNS-MOTENVWB1.1.5.0.pdsc: PDSC version is not supported
2026-05-05 14:41:51,035 [WARN] PackLoader:240 - Cannot read IP mode file for STMicroelectronics.X-CUBE-NFC10.1.0.0
2026-05-05 14:41:51,049 [WARN] PackLoader:240 - Cannot read IP mode file for STMicroelectronics.X-CUBE-BLEMGR.4.0.0
2026-05-05 14:41:51,060 [WARN] PackLoader:240 - Cannot read IP mode file for STMicroelectronics.X-CUBE-ST60.1.1.0
2026-05-05 14:41:51,075 [WARN] PackLoader:240 - Cannot read IP mode file for emotas.I-CUBE-CANOPEN.1.3.0
2026-05-05 14:41:51,086 [WARN] PackLoader:240 - Cannot read IP mode file for STMicroelectronics.X-CUBE-GNSS1.7.1.0
2026-05-05 14:41:51,101 [WARN] ConditionMgr:438 - getConditionDescription Invalid condition id : Cortex-A Device cause : null
2026-05-05 14:41:51,130 [WARN] ConditionMgr:1044 - genDependencies : Invalid condition id : Cortex-A Device cause : null
2026-05-05 14:41:51,130 [WARN] ConditionMgr:1044 - genDependencies : Invalid condition id : Cortex-A Device cause : null
2026-05-05 14:41:51,130 [WARN] ConditionMgr:1044 - genDependencies : Invalid condition id : Cortex-A Device cause : null
2026-05-05 14:41:51,142 [WARN] PackLoader:240 - Cannot read IP mode file for STMicroelectronics.X-CUBE-AI.10.0.0
2026-05-05 14:41:51,150 [ERROR] Engine:466 - C:\Users\49157\.stm32cubemx\thirdparties\pdsc\STMicroelectronics.FP-SNS-STBOX1.2.1.0.pdsc: PDSC version is not supported
2026-05-05 14:41:51,159 [WARN] PackLoader:240 - Cannot read IP mode file for STMicroelectronics.FP-SNS-SMARTAG2.1.2.0
2026-05-05 14:41:51,170 [WARN] PackLoader:240 - Cannot read IP mode file for STMicroelectronics.FP-SNS-FLIGHT1.5.1.0
2026-05-05 14:41:51,185 [INFO] LogOutputStream:77 - [STDOUT_REDIRECT] 1 : Invalid condition id : UX_CORESTACK_Condition cause : null
2026-05-05 14:41:51,185 [INFO] LogOutputStream:77 - [STDOUT_REDIRECT] 1 : Invalid condition id : UX_CORESTACK_Condition cause : null
2026-05-05 14:41:51,186 [INFO] LogOutputStream:77 - [STDOUT_REDIRECT] 1 : Invalid condition id : UX_CORESTACK_Condition cause : null
2026-05-05 14:41:51,188 [INFO] LogOutputStream:77 - [STDOUT_REDIRECT] 1 : Invalid condition id : UX_CORESTACK_Condition cause : null
2026-05-05 14:41:51,192 [INFO] LogOutputStream:77 - [STDOUT_REDIRECT] 1 : Invalid condition id : UX_CORESTACK_Condition cause : null
2026-05-05 14:41:51,196 [WARN] PackLoader:240 - Cannot read IP mode file for STMicroelectronics.X-CUBE-AZRTOS-WL.2.0.0
2026-05-05 14:41:51,207 [WARN] PackLoader:240 - Cannot read IP mode file for STMicroelectronics.FP-SNS-MOTENV1.5.0.0
2026-05-05 14:41:51,232 [WARN] PackLoader:240 - Cannot read IP mode file for STMicroelectronics.X-CUBE-AZRTOS-H7RS.1.2.0
2026-05-05 14:41:51,250 [WARN] PackLoader:240 - Cannot read IP mode file for WES.I-CUBE-Cesium.1.3.0
2026-05-05 14:41:51,261 [WARN] PackLoader:240 - Cannot read IP mode file for STMicroelectronics.X-CUBE-BLE2.3.3.0
2026-05-05 14:41:51,298 [WARN] PackLoader:240 - Cannot read IP mode file for STMicroelectronics.X-CUBE-NFC9.1.0.0
2026-05-05 14:41:51,308 [WARN] PackLoader:240 - Cannot read IP mode file for STMicroelectronics.X-CUBE-BLE1.7.1.0
2026-05-05 14:41:51,318 [WARN] PackLoader:240 - Cannot read IP mode file for wolfSSL.I-CUBE-wolfMQTT.1.19.2
2026-05-05 14:41:51,328 [ERROR] Engine:466 - C:\Users\49157\.stm32cubemx\thirdparties\pdsc\STMicroelectronics.X-CUBE-FREERTOS.1.4.0.pdsc: PDSC version is not supported
2026-05-05 14:41:51,341 [WARN] PackLoader:240 - Cannot read IP mode file for STMicroelectronics.X-CUBE-EEPRMA1.5.2.0
2026-05-05 14:41:51,350 [ERROR] Engine:466 - C:\Users\49157\.stm32cubemx\thirdparties\pdsc\STMicroelectronics.X-CUBE-ST67W61.1.1.0.pdsc: PDSC version is not supported
2026-05-05 14:41:51,358 [ERROR] Engine:466 - C:\Users\49157\.stm32cubemx\thirdparties\pdsc\STMicroelectronics.FP-SNS-STAIOTCFT.1.1.0.pdsc: PDSC version is not supported
2026-05-05 14:41:51,409 [WARN] PackLoader:240 - Cannot read IP mode file for STMicroelectronics.X-CUBE-MEMS1.12.0.0
2026-05-05 14:41:51,606 [WARN] PackLoader:240 - Cannot read IP mode file for STMicroelectronics.X-CUBE-MEMS1.11.2.0
2026-05-05 14:41:51,757 [WARN] PackLoader:240 - Cannot read IP mode file for STMicroelectronics.X-CUBE-AZRTOS-G0.1.1.0
2026-05-05 14:41:51,772 [WARN] PackLoader:240 - Cannot read IP mode file for STMicroelectronics.X-CUBE-SAFEA1.1.2.2
2026-05-05 14:41:51,782 [WARN] PackLoader:240 - Cannot read IP mode file for STMicroelectronics.X-CUBE-NFC4.3.0.0
2026-05-05 14:41:51,798 [WARN] PackLoader:240 - Cannot read IP mode file for EmbeddedOffice.I-CUBE-FS-RTOS.1.0.1
2026-05-05 14:41:51,807 [WARN] PackLoader:240 - Cannot read IP mode file for STMicroelectronics.X-CUBE-WB05N.2.0.0
2026-05-05 14:41:51,818 [WARN] PackLoader:240 - Cannot read IP mode file for wolfSSL.I-CUBE-wolfTPM.3.8.0
2026-05-05 14:41:51,834 [WARN] PackLoader:240 - Cannot read IP mode file for STMicroelectronics.X-CUBE-TCPP.4.2.0
2026-05-05 14:41:51,848 [WARN] PackLoader:240 - Cannot read IP mode file for RealThread.X-CUBE-RT-Thread_Nano.4.1.1
2026-05-05 14:41:51,856 [WARN] PackLoader:240 - Cannot read IP mode file for STMicroelectronics.FP-ATR-SIGFOX1.3.2.0
2026-05-05 14:41:51,864 [WARN] PackLoader:240 - Cannot read IP mode file for STMicroelectronics.X-CUBE-EEPRMA1.5.1.0
2026-05-05 14:41:51,875 [ERROR] Engine:466 - C:\Users\49157\.stm32cubemx\thirdparties\pdsc\STMicroelectronics.X-CUBE-FREERTOS.1.5.0.pdsc: PDSC version is not supported
2026-05-05 14:41:51,888 [WARN] PackLoader:240 - Cannot read IP mode file for wolfSSL.I-CUBE-wolfSSL.5.7.6
2026-05-05 14:41:51,898 [WARN] PackLoader:240 - Cannot read IP mode file for ITTIA_DB.I-CUBE-ITTIADB.8.9.0
2026-05-05 14:41:51,910 [WARN] PackLoader:240 - Cannot read IP mode file for STMicroelectronics.X-CUBE-NFC6.3.2.0
2026-05-05 14:41:51,924 [WARN] PackLoader:240 - Cannot read IP mode file for STMicroelectronics.X-CUBE-AI.10.2.0
2026-05-05 14:41:51,970 [WARN] PackLoader:240 - Cannot read IP mode file for STMicroelectronics.X-CUBE-MEMS1.12.1.0
2026-05-05 14:41:52,092 [WARN] PackLoader:240 - Cannot read IP mode file for SEGGER.I-CUBE-embOS.1.3.1
2026-05-05 14:41:52,124 [WARN] PackLoader:240 - Cannot read IP mode file for STMicroelectronics.X-CUBE-ALGOBUILD.1.4.0
2026-05-05 14:41:52,143 [WARN] PackLoader:240 - Cannot read IP mode file for STMicroelectronics.X-CUBE-PM33A1.1.0.0
2026-05-05 14:41:52,163 [WARN] PackLoader:240 - Cannot read IP mode file for STMicroelectronics.X-CUBE-AZRTOS-F4.1.1.0
2026-05-05 14:41:52,170 [WARN] PackLoader:240 - Cannot read IP mode file for Avnet-IotConnect.X-CUBE-IoTC-DA16k-PMOD.1.0.0
2026-05-05 14:41:52,180 [WARN] PackLoader:240 - Cannot read IP mode file for STMicroelectronics.X-CUBE-ISPU.2.1.0
2026-05-05 14:41:52,188 [ERROR] Engine:466 - C:\Users\49157\.stm32cubemx\thirdparties\pdsc\STMicroelectronics.X-CUBE-IPS.3.2.0.pdsc: PDSC version is not supported
2026-05-05 14:41:52,196 [WARN] PackLoader:240 - Cannot read IP mode file for STMicroelectronics.eDS-WB_DPC_TT-BIDIR.2.1.1
2026-05-05 14:41:52,207 [WARN] PackLoader:240 - Cannot read IP mode file for STMicroelectronics.X-CUBE-NFC12.1.0.0
2026-05-05 14:41:52,265 [WARN] PackLoader:240 - Cannot read IP mode file for STMicroelectronics.X-CUBE-AZRTOS-L5.2.0.0
2026-05-05 14:41:52,276 [WARN] PackLoader:240 - Cannot read IP mode file for STMicroelectronics.X-CUBE-NFC6.3.1.0
2026-05-05 14:41:52,284 [WARN] PackLoader:240 - Cannot read IP mode file for STMicroelectronics.eDS-WB_DPC_VIENNA.1.2.0
2026-05-05 14:41:52,291 [WARN] PackLoader:240 - Cannot read IP mode file for STMicroelectronics.eDS-WB_DPC_3PH2L-BIDIR.1.1.1
2026-05-05 14:41:52,311 [ERROR] Engine:466 - C:\Users\49157\.stm32cubemx\thirdparties\pdsc\STMicroelectronics.X-CUBE-ST67W61.1.3.0.pdsc: PDSC version is not supported
2026-05-05 14:41:52,324 [WARN] PackLoader:240 - Cannot read IP mode file for STMicroelectronics.X-CUBE-FREERTOS.1.3.1
2026-05-05 14:41:52,332 [WARN] PackLoader:240 - Cannot read IP mode file for STMicroelectronics.X-CUBE-FREERTOS.1.3.0
2026-05-05 14:41:52,339 [WARN] PackLoader:240 - Cannot read IP mode file for STMicroelectronics.X-CUBE-NFC7.1.0.1
2026-05-05 14:41:52,357 [WARN] PackLoader:240 - Cannot read IP mode file for STMicroelectronics.X-CUBE-TOUCHGFX.4.26.0
2026-05-05 14:41:52,362 [WARN] PackLoader:240 - Cannot read IP mode file for STMicroelectronics.X-CUBE-TOUCHGFX.4.26.1
2026-05-05 14:41:52,371 [WARN] PackLoader:240 - Cannot read IP mode file for STMicroelectronics.FP-SNS-STAIOTCFT.1.0.0
2026-05-05 14:41:52,380 [WARN] PackLoader:240 - Cannot read IP mode file for STMicroelectronics.X-CUBE-DPower.1.3.0
2026-05-05 14:41:52,517 [WARN] ConditionMgr:438 - getConditionDescription Invalid condition id : LAN8742 Phy interface Condition cause : null
2026-05-05 14:41:52,518 [WARN] PackLoader:240 - Cannot read IP mode file for STMicroelectronics.X-CUBE-AZRTOS-L4.2.0.0
2026-05-05 14:41:52,519 [WARN] ConditionMgr:1044 - genDependencies : Invalid condition id : LAN8742 Phy interface Condition cause : null
2026-05-05 14:41:52,520 [WARN] ConditionMgr:1044 - genDependencies : Invalid condition id : LAN8742 Phy interface Condition cause : null
2026-05-05 14:41:52,520 [WARN] ConditionMgr:1044 - genDependencies : Invalid condition id : LAN8742 Phy interface Condition cause : null
2026-05-05 14:41:52,533 [WARN] PackLoader:240 - Cannot read IP mode file for STMicroelectronics.X-CUBE-SFXS2LP1.4.0.0
2026-05-05 14:41:52,546 [WARN] PackLoader:240 - Cannot read IP mode file for STMicroelectronics.X-CUBE-WB05N.2.1.0
2026-05-05 14:41:52,553 [ERROR] Engine:466 - C:\Users\49157\.stm32cubemx\thirdparties\pdsc\STMicroelectronics.X-CUBE-ST67W61.1.2.0.pdsc: PDSC version is not supported
2026-05-05 14:41:52,574 [WARN] PackLoader:240 - Cannot read IP mode file for STMicroelectronics.X-CUBE-AZRTOS-H7.3.3.0
2026-05-05 14:41:52,589 [WARN] PackLoader:240 - Cannot read IP mode file for STMicroelectronics.X-CUBE-BLEMGR.4.1.0
2026-05-05 14:41:52,609 [WARN] ConditionMgr:438 - getConditionDescription Invalid condition id : UX DEVICE CLASS RTOS Condition cause : null
2026-05-05 14:41:52,610 [WARN] ConditionMgr:438 - getConditionDescription Invalid condition id : UX DEVICE CLASS RTOS Condition cause : null
2026-05-05 14:41:52,613 [WARN] PackLoader:240 - Cannot read IP mode file for STMicroelectronics.X-CUBE-AZRTOS-WB.2.0.0
2026-05-05 14:41:52,614 [WARN] ConditionMgr:1044 - genDependencies : Invalid condition id : UX DEVICE CLASS RTOS Condition cause : null
2026-05-05 14:41:52,614 [WARN] ConditionMgr:1044 - genDependencies : Invalid condition id : UX DEVICE CLASS RTOS Condition cause : null
2026-05-05 14:41:52,615 [WARN] ConditionMgr:1044 - genDependencies : Invalid condition id : UX DEVICE CLASS RTOS Condition cause : null
2026-05-05 14:41:52,615 [WARN] ConditionMgr:1044 - genDependencies : Invalid condition id : UX DEVICE CLASS RTOS Condition cause : null
2026-05-05 14:41:52,615 [WARN] ConditionMgr:1044 - genDependencies : Invalid condition id : UX DEVICE CLASS RTOS Condition cause : null
2026-05-05 14:41:52,627 [WARN] PackLoader:240 - Cannot read IP mode file for STMicroelectronics.X-CUBE-GNSS1.7.0.1
2026-05-05 14:41:52,637 [WARN] PackLoader:240 - Cannot read IP mode file for STMicroelectronics.X-CUBE-TOUCHGFX.4.25.0
2026-05-05 14:41:52,647 [WARN] PackLoader:240 - Cannot read IP mode file for STMicroelectronics.FP-SNS-STBOX1.2.0.0
2026-05-05 14:41:52,661 [WARN] PackLoader:240 - Cannot read IP mode file for STMicroelectronics.X-CUBE-STSE01.2.0.0
2026-05-05 14:41:52,681 [WARN] PackLoader:240 - Cannot read IP mode file for STMicroelectronics.X-CUBE-SUBG2.5.0.0
2026-05-05 14:41:52,705 [WARN] PackLoader:240 - Cannot read IP mode file for STMicroelectronics.X-CUBE-AZRTOS-H7RS.1.1.0
2026-05-05 14:41:52,715 [WARN] PackLoader:240 - Cannot read IP mode file for Cesanta.I-CUBE-Mongoose.7.13.0
2026-05-05 14:41:52,732 [WARN] PackLoader:240 - Cannot read IP mode file for STMicroelectronics.X-CUBE-AZRTOS-G4.2.0.0
2026-05-05 14:41:52,747 [WARN] PackLoader:240 - Cannot read IP mode file for wolfSSL.I-CUBE-wolfSSH.1.4.20
2026-05-05 14:41:52,756 [WARN] PackLoader:240 - Cannot read IP mode file for STMicroelectronics.X-CUBE-NFC7.2.0.0
2026-05-05 14:41:52,773 [WARN] PackLoader:240 - Cannot read IP mode file for STMicroelectronics.X-CUBE-IPS.3.1.0
2026-05-05 14:41:52,791 [WARN] PackLoader:240 - Cannot read IP mode file for STMicroelectronics.X-CUBE-ALS.1.0.2
2026-05-05 14:41:52,802 [WARN] PackLoader:240 - Cannot read IP mode file for STMicroelectronics.X-CUBE-STSE01.1.0.0
2026-05-05 14:41:52,815 [WARN] PackLoader:240 - Cannot read IP mode file for portGmbH.I-Cube-SoM-uGOAL.1.1.0
2026-05-05 14:41:52,828 [WARN] PackLoader:240 - Cannot read IP mode file for STMicroelectronics.X-CUBE-TOF1.3.4.3
2026-05-05 14:41:52,839 [INFO] ThirdParty:978 - Integrity check success = true
2026-05-05 14:41:52,840 [INFO] IntegrityCheckThread:100 - exiting critical section [integrity check]
2026-05-05 14:41:52,840 [INFO] IntegrityCheckThread:103 - End integrity checks thread
2026-05-05 14:41:57,382 [ERROR] LogOutputStream:75 - [STDERR_REDIRECT] 
